<?xml version="1.0" encoding="UTF-8"?>
<!-- Generated by org.testng.reporters.JUnitXMLReporter -->
<testsuite hostname="DESKTOP-N6KK6O3" ignored="1" name="Car Finance Non Logged In" tests="1" failures="0" timestamp="02 Mar 2017 12:51:20 GMT" time="119.369" errors="0">
  <testcase name="requestCarFinanceNonLogin" time="112.731" classname="testCases.CarFinanceTest"/>
  <testcase name="requestCarFinanceLoggedIn" time="0.0" classname="testCases.CarFinanceTest">
    <ignored/>
  </testcase> <!-- requestCarFinanceLoggedIn -->
</testsuite> <!-- Car Finance Non Logged In -->
