<?xml version="1.0" encoding="UTF-8"?>
<!-- Generated by org.testng.reporters.JUnitXMLReporter -->
<testsuite hostname="DESKTOP-N6KK6O3" ignored="0" name="Car Finance" tests="1" failures="1" timestamp="02 Mar 2017 12:17:35 GMT" time="118.493" errors="0">
  <testcase name="requestCarFinance" time="111.169" classname="testCases.CarFinanceTest">
    <failure type="java.lang.NullPointerException">
      <![CDATA[java.lang.NullPointerException
	at testCases.SignInTest.gotoSignInScreen(SignInTest.java:44)
	at testCases.SignInTest.signIn(SignInTest.java:36)
	at testCases.CarFinanceTest.requestCarFinance(CarFinanceTest.java:53)
... Removed 25 stack frames]]>
    </failure>
  </testcase> <!-- requestCarFinance -->
</testsuite> <!-- Car Finance -->
